[I 2025-03-07 00:23:00.219 ServerApp] jupyter_lsp | extension was successfully linked.
[I 2025-03-07 00:23:00.226 ServerApp] jupyter_server_terminals | extension was successfully linked.
[I 2025-03-07 00:23:00.234 ServerApp] jupyterlab | extension was successfully linked.
[I 2025-03-07 00:23:00.242 ServerApp] notebook | extension was successfully linked.
[I 2025-03-07 00:23:00.668 ServerApp] notebook_shim | extension was successfully linked.
[I 2025-03-07 00:23:00.744 ServerApp] notebook_shim | extension was successfully loaded.
[I 2025-03-07 00:23:00.748 ServerApp] jupyter_lsp | extension was successfully loaded.
[I 2025-03-07 00:23:00.749 ServerApp] jupyter_server_terminals | extension was successfully loaded.
[I 2025-03-07 00:23:00.752 LabApp] JupyterLab extension loaded from /home/montahar/montaha_rebhi_4ds6_ml_project/venv/lib/python3.8/site-packages/jupyterlab
[I 2025-03-07 00:23:00.752 LabApp] JupyterLab application directory is /home/montahar/montaha_rebhi_4ds6_ml_project/venv/share/jupyter/lab
[I 2025-03-07 00:23:00.753 LabApp] Extension Manager is 'pypi'.
[I 2025-03-07 00:23:00.812 ServerApp] jupyterlab | extension was successfully loaded.
[I 2025-03-07 00:23:00.821 ServerApp] notebook | extension was successfully loaded.
[I 2025-03-07 00:23:00.822 ServerApp] Serving notebooks from local directory: /home/montahar/montaha_rebhi_4ds6_ml_project
[I 2025-03-07 00:23:00.822 ServerApp] Jupyter Server 2.14.2 is running at:
[I 2025-03-07 00:23:00.822 ServerApp] http://localhost:8888/tree?token=5e519bf5caa8dac46fadbf2af2ff9f8393083e153f810666
[I 2025-03-07 00:23:00.822 ServerApp]     http://127.0.0.1:8888/tree?token=5e519bf5caa8dac46fadbf2af2ff9f8393083e153f810666
[I 2025-03-07 00:23:00.822 ServerApp] Use Control-C to stop this server and shut down all kernels (twice to skip confirmation).
[C 2025-03-07 00:23:00.827 ServerApp] 
    
    To access the server, open this file in a browser:
        file:///home/montahar/.local/share/jupyter/runtime/jpserver-14970-open.html
    Or copy and paste one of these URLs:
        http://localhost:8888/tree?token=5e519bf5caa8dac46fadbf2af2ff9f8393083e153f810666
        http://127.0.0.1:8888/tree?token=5e519bf5caa8dac46fadbf2af2ff9f8393083e153f810666
[I 2025-03-07 00:23:09.157 ServerApp] Skipped non-installed server(s): bash-language-server, dockerfile-language-server-nodejs, javascript-typescript-langserver, jedi-language-server, julia-language-server, pyright, python-language-server, python-lsp-server, r-languageserver, sql-language-server, texlab, typescript-language-server, unified-language-server, vscode-css-languageserver-bin, vscode-html-languageserver-bin, vscode-json-languageserver-bin, yaml-language-server
[I 2025-03-07 00:23:10.444 JupyterNotebookApp] 302 GET /tree (@127.0.0.1) 3.57ms
